<?xml version="1.0" encoding="UTF-8"?>
<testng-results skipped="0" failed="0" ignored="0" total="1" passed="1">
  <reporter-output>
  </reporter-output>
  <suite name="WikiTest" duration-ms="9530" started-at="2018-02-13T01:39:36Z" finished-at="2018-02-13T01:39:45Z">
    <groups>
    </groups>
    <test name="Command line test" duration-ms="9530" started-at="2018-02-13T01:39:36Z" finished-at="2018-02-13T01:39:45Z">
      <class name="WikiTest">
        <test-method status="PASS" signature="navigateTo()[pri:0, instance:WikiTest@3d24753a]" name="navigateTo" duration-ms="9511" started-at="2018-02-12T17:39:36Z" finished-at="2018-02-12T17:39:45Z">
          <reporter-output>
          </reporter-output>
        </test-method> <!-- navigateTo -->
      </class> <!-- WikiTest -->
    </test> <!-- Command line test -->
  </suite> <!-- WikiTest -->
</testng-results>
